<testsuites>
  <!-- .NET Tests -->
  <testsuite name=".NET SampleApp Tests" tests="2" failures="0">
    <testcase classname="SampleApp.Tests.UnitTest1" name="TestMethod1" time="0.003"/>
    <testcase classname="SampleApp.Tests.UnitTest2" name="TestMethod2" time="0.004"/>
  </testsuite>

  <!-- Node.js Tests -->
  <testsuite name="NodeApp Sample Tests" tests="2" failures="0">
    <testcase classname="Sample Node Test" name="should return true" time="0.05"/>
    <testcase classname="Sample Node Test" name="should return false" time="0.03"/>
  </testsuite>
</testsuites>
